<?xml version="1.0" encoding="UTF-8"?>
<testng-results ignored="0" total="1" passed="1" failed="0" skipped="0">
  <reporter-output>
  </reporter-output>
  <suite started-at="2024-03-20T12:53:53 IST" name="Default suite" finished-at="2024-03-20T12:53:57 IST" duration-ms="4354">
    <groups>
    </groups>
    <test started-at="2024-03-20T12:53:53 IST" name="Default test" finished-at="2024-03-20T12:53:57 IST" duration-ms="4354">
      <class name="pk_Graphsqltest.Querysql_pokemon">
        <test-method signature="getAllFilmsTest()[pri:1, instance:pk_Graphsqltest.Querysql_pokemon@9225652]" started-at="2024-03-20T12:53:53 IST" name="getAllFilmsTest" finished-at="2024-03-20T12:53:57 IST" duration-ms="4296" status="PASS">
          <reporter-output>
          </reporter-output>
        </test-method> <!-- getAllFilmsTest -->
      </class> <!-- pk_Graphsqltest.Querysql_pokemon -->
    </test> <!-- Default test -->
  </suite> <!-- Default suite -->
</testng-results>
